21:13:26.324 [JavaFX Application Thread] DEBUG GameApplication      - Logger initialized
21:13:26.341 [JavaFX Application Thread] DEBUG MainWindow           - Creating a JavaFX scene
21:13:26.477 [JavaFX Application Thread] DEBUG MainWindow           - Target settings size: 600.0 x 800.0
21:13:26.478 [JavaFX Application Thread] DEBUG MainWindow           - Scaled scene size:    600.0 x 800.0
21:13:26.478 [JavaFX Application Thread] DEBUG MainWindow           - Scaled ratio: (1.0, 1.0)
21:13:26.605 [JavaFX Application Thread] DEBUG GameApplication      - Starting FXGL
21:13:26.605 [JavaFX Application Thread] INFO  Version              - FXGL-0.4.1
21:13:26.606 [JavaFX Application Thread] INFO  Version              - Source code and latest versions at: https://github.com/AlmasB/FXGL
21:13:26.606 [JavaFX Application Thread] INFO  Version              -              Join the FXGL chat at: https://gitter.im/AlmasB/FXGL
21:13:26.647 [FXGL Launcher Thread     ] DEBUG FXGL                 - Loading FXGL system data
21:13:26.651 [FXGL Launcher Thread     ] DEBUG IOTask               - Executing task: readDataTask(system/fxgl.bundle)
21:13:26.657 [FXGL Launcher Thread     ] DEBUG FS                   - Reading from: system\fxgl.bundle
21:13:26.666 [FXGL Launcher Thread     ] DEBUG IOTask               - Task succeeded: readDataTask(system/fxgl.bundle)
21:13:26.666 [FXGL Launcher Thread     ] DEBUG Bundle               - Logging bundle: FXGL
21:13:26.667 [FXGL Launcher Thread     ] DEBUG Bundle               - FXGL.offline.timer.version.check=2018-01-31T20:10:27.332
21:13:26.667 [FXGL Launcher Thread     ] DEBUG GameApplication      - FXGL configuration complete
21:13:26.668 [FXGL Launcher Thread     ] INFO  GameApplication      - FXGL configuration took:  0,057 sec
21:13:26.668 [FXGL Launcher Thread     ] DEBUG GameApplication      - Logging game settings
Title: Bricks
Version: 0.0
Width: 600
Height: 800
Fullscreen: false
Intro: false
Menus: false
Profiling: true
Single step:false
App Mode: DEVELOPER
Menu Key: ESCAPE
Stage Style: DECORATED
Scene Factory: class com.almasb.fxgl.scene.SceneFactory
Dialog Factory: class com.almasb.fxgl.ui.FXGLDialogFactory
UI Factory: class com.almasb.fxgl.ui.FXGLUIFactory
Notification Service: class com.almasb.fxgl.gameplay.notification.XboxNotificationView
Exception Handler: class com.almasb.fxgl.app.FXGLExceptionHandler
21:13:26.673 [FXGL Launcher Thread     ] DEBUG GameApplication      - Configuring GameApplication
21:13:26.678 [FXGL Launcher Thread     ] DEBUG AppStateMachine      - Initializing application states
21:13:26.686 [FXGL Launcher Thread     ] DEBUG AssetLoader          - Loading from disk: /assets/ui/cursors/fxgl_default.png
21:13:26.710 [FXGL Launcher Thread     ] DEBUG AssetLoader          - Loading from disk: /assets/ui/cursors/fxgl_default.png
21:13:26.719 [FXGL Launcher Thread     ] DEBUG AssetLoader          - Loading from disk: /assets/sounds/core/notification.wav
21:13:26.746 [FXGL Launcher Thread     ] DEBUG AssetLoader          - Loading from disk: /assets/sounds/menu/select.wav
21:13:26.748 [FXGL Launcher Thread     ] DEBUG AssetLoader          - Loading from disk: /assets/sounds/menu/back.wav
21:13:26.750 [FXGL Launcher Thread     ] DEBUG AssetLoader          - Loading from disk: /assets/sounds/menu/press.wav
21:13:26.752 [FXGL Launcher Thread     ] DEBUG AssetLoader          - Loading from disk: /assets/ui/fonts/VarelaRound-Regular.ttf
21:13:26.967 [FXGL Launcher Thread     ] DEBUG AssetLoader          - Loading from disk: /assets/ui/fonts/lucida_console.ttf
21:13:26.993 [FXGL Launcher Thread     ] DEBUG AssetLoader          - Loading from disk: /assets/ui/css/fxgl_dark.css
21:13:26.993 [FXGL Launcher Thread     ] DEBUG AssetLoader          - Loading from disk: /assets/ui/icons/fxgl_icon.png
21:13:27.015 [FXGL Launcher Thread     ] DEBUG AssetLoader          - Loading from disk: /assets/ui/cursors/fxgl_default.png
21:13:27.037 [FXGL Launcher Thread     ] DEBUG FXGL.GameScene       - Game scene initialized: 600x800
21:13:27.040 [FXGL Launcher Thread     ] DEBUG FXGL.GameWorld       - Game world initialized
21:13:27.096 [FXGL Launcher Thread     ] DEBUG FXGL.PhysicsWorld    - Physics world initialized: appHeight=800, physics.ppm=50,0
21:13:27.114 [FXGL Launcher Thread     ] DEBUG Input                - Registered new binding: Pause - Esc
21:13:27.135 [FXGL Launcher Thread     ] INFO  GameApplication      - Game configuration took:  0,460 sec
21:13:27.136 [JavaFX Application Thread] DEBUG MainWindow           - Opening main window
21:13:27.169 [JavaFX Application Thread] DEBUG MainWindow           - Window border size: (6.0, 29.0)
21:13:27.169 [JavaFX Application Thread] DEBUG MainWindow           - Scaled size: 600.0 x 800.0
21:13:27.169 [JavaFX Application Thread] DEBUG MainWindow           - Scaled ratio: (1.0, 1.0)
21:13:27.170 [JavaFX Application Thread] DEBUG MainWindow           - Scene size: 600.0 x 800.0
21:13:27.170 [JavaFX Application Thread] DEBUG MainWindow           - Stage size: 606.0 x 829.0
21:13:27.170 [JavaFX Application Thread] DEBUG GameApplication      - Running preInit()
21:13:27.171 [JavaFX Application Thread] DEBUG AnnotationParser     - Main app package name: NO PACKAGE
21:13:27.171 [JavaFX Application Thread] WARN  AnnotationParser     - BricksGameApp has no package or contains uppercase letters. Disabling annotations processing
21:13:27.180 [JavaFX Application Thread] DEBUG Input                - Registered new binding: Screenshot - P
21:13:27.181 [JavaFX Application Thread] DEBUG Input                - Registered new binding: Dev Options - CTRL+0
21:13:27.182 [JavaFX Application Thread] DEBUG Input                - Registered new binding: Move Left - Left
21:13:27.184 [JavaFX Application Thread] DEBUG Input                - Registered new binding: Mouse - LMB
21:13:27.184 [JavaFX Application Thread] DEBUG Input                - Registered new binding: Move Right - Right
21:13:27.184 [JavaFX Application Thread] DEBUG Input                - Registered new binding: Release Ball - Space
21:13:27.216 [JavaFX Application Thread] DEBUG GameApplication      - Starting main loop
21:13:27.219 [JavaFX Application Thread] DEBUG StartupState         - STARTUP
21:13:27.220 [JavaFX Application Thread] DEBUG GameApplication      - Starting new game
21:13:27.220 [JavaFX Application Thread] DEBUG Input                - Clearing active input actions
21:13:27.220 [JavaFX Application Thread] DEBUG AppStateMachine      - StartupState -> LoadingState
21:13:27.249 [JavaFX Application Thread] DEBUG AnnotationParser     - Main app package name: NO PACKAGE
21:13:27.249 [JavaFX Application Thread] WARN  AnnotationParser     - BricksGameApp has no package or contains uppercase letters. Disabling annotations processing
21:13:27.249 [JavaFX Application Thread] DEBUG InitAppTask          - Parsing annotations
21:13:27.260 [FXGL Background Thread 1 ] DEBUG InitAppTask          - Clearing previous game
21:13:27.260 [FXGL Background Thread 1 ] DEBUG FXGL.GameWorld       - Clearing game world
21:13:27.261 [FXGL Background Thread 1 ] DEBUG FXGL.PhysicsWorld    - Clearing physics world
21:13:27.261 [FXGL Background Thread 1 ] DEBUG FXGL.GameScene       - Clearing game scene
21:13:27.261 [FXGL Background Thread 1 ] DEBUG InitAppTask          - Initializing Assets
21:13:27.262 [FXGL Background Thread 1 ] DEBUG InitAppTask          - Initializing Game
21:13:27.300 [FXGL Background Thread 1 ] DEBUG FXGL.GameScene       - Creating render group for layer: TOP(2147483647)
21:13:27.352 [FXGL Background Thread 1 ] DEBUG AssetLoader          - Loading from disk: /assets/textures/ball.png
21:13:27.363 [FXGL Background Thread 1 ] DEBUG AssetLoader          - Loading from disk: /assets/textures/platforma3.png
21:13:27.429 [FXGL Background Thread 1 ] DEBUG AssetLoader          - Loading from disk: /assets/textures/i.png
21:13:27.452 [FXGL Background Thread 1 ] DEBUG AssetLoader          - Loading from disk: /assets/textures/monitor2.png
21:13:27.456 [FXGL Background Thread 1 ] DEBUG AssetLoader          - Loading from disk: /assets/textures/keyboard2.png
21:13:27.459 [FXGL Background Thread 1 ] DEBUG InitAppTask          - Initializing Physics
21:13:27.460 [FXGL Background Thread 1 ] DEBUG InitAppTask          - Initializing UI
21:13:27.460 [FXGL Background Thread 1 ] DEBUG InitAppTask          - Initialization Complete
21:13:27.461 [FXGL Background Thread 1 ] INFO  InitAppTask          - Game initialization took: 0,201 sec
21:13:27.471 [JavaFX Application Thread] DEBUG Input                - Clearing active input actions
21:13:27.471 [JavaFX Application Thread] DEBUG AppStateMachine      - LoadingState -> PlayState
21:13:54.545 [JavaFX Application Thread] DEBUG AssetLoader          - Loading from cache: /assets/textures/ball.png@20.0x20.0
21:14:03.501 [JavaFX Application Thread] DEBUG GameApplication      - Exiting game application
21:14:03.502 [JavaFX Application Thread] DEBUG GameApplication      - Shutting down background threads
21:14:03.502 [JavaFX Application Thread] INFO  Profiler             - Processed Frames: 2181
21:14:03.502 [JavaFX Application Thread] INFO  Profiler             - Average FPS: 59
21:14:03.502 [JavaFX Application Thread] INFO  Profiler             - Avg Frame Took: 0,45 ms
21:14:03.503 [JavaFX Application Thread] INFO  Profiler             - Avg Memory Usage: 28 MB
21:14:03.503 [JavaFX Application Thread] INFO  Profiler             - Min Memory Usage: 9 MB
21:14:03.503 [JavaFX Application Thread] INFO  Profiler             - Max Memory Usage: 46 MB
21:14:03.503 [JavaFX Application Thread] INFO  Profiler             - Estimated GC runs: 2
21:14:03.503 [JavaFX Application Thread] DEBUG GameApplication      - Exiting FXGL
21:14:03.503 [JavaFX Application Thread] DEBUG FXGL                 - Saving FXGL system data
21:14:03.504 [JavaFX Application Thread] DEBUG IOTask               - Executing task: writeDataTask(system/fxgl.bundle)
21:14:03.507 [JavaFX Application Thread] DEBUG FS                   - Writing to: system\fxgl.bundle
21:14:03.512 [JavaFX Application Thread] DEBUG IOTask               - Task succeeded: writeDataTask(system/fxgl.bundle)
21:14:03.512 [JavaFX Application Thread] DEBUG GameApplication      - Closing logger and exiting JavaFX
