21:06:32.519 [JavaFX Application Thread] DEBUG GameApplication      - Logger initialized
21:06:32.533 [JavaFX Application Thread] DEBUG MainWindow           - Creating a JavaFX scene
21:06:32.642 [JavaFX Application Thread] DEBUG MainWindow           - Target settings size: 600.0 x 800.0
21:06:32.643 [JavaFX Application Thread] DEBUG MainWindow           - Scaled scene size:    600.0 x 800.0
21:06:32.643 [JavaFX Application Thread] DEBUG MainWindow           - Scaled ratio: (1.0, 1.0)
21:06:32.768 [JavaFX Application Thread] DEBUG GameApplication      - Starting FXGL
21:06:32.768 [JavaFX Application Thread] INFO  Version              - FXGL-0.4.1
21:06:32.768 [JavaFX Application Thread] INFO  Version              - Source code and latest versions at: https://github.com/AlmasB/FXGL
21:06:32.769 [JavaFX Application Thread] INFO  Version              -              Join the FXGL chat at: https://gitter.im/AlmasB/FXGL
21:06:32.812 [FXGL Launcher Thread     ] DEBUG FXGL                 - Loading FXGL system data
21:06:32.816 [FXGL Launcher Thread     ] DEBUG IOTask               - Executing task: readDataTask(system/fxgl.bundle)
21:06:32.822 [FXGL Launcher Thread     ] DEBUG FS                   - Reading from: system\fxgl.bundle
21:06:32.831 [FXGL Launcher Thread     ] DEBUG IOTask               - Task succeeded: readDataTask(system/fxgl.bundle)
21:06:32.831 [FXGL Launcher Thread     ] DEBUG Bundle               - Logging bundle: FXGL
21:06:32.831 [FXGL Launcher Thread     ] DEBUG Bundle               - FXGL.offline.timer.version.check=2018-01-31T20:10:27.332
21:06:32.832 [FXGL Launcher Thread     ] DEBUG GameApplication      - FXGL configuration complete
21:06:32.833 [FXGL Launcher Thread     ] INFO  GameApplication      - FXGL configuration took:  0,059 sec
21:06:32.833 [FXGL Launcher Thread     ] DEBUG GameApplication      - Logging game settings
Title: Bricks
Version: 0.0
Width: 600
Height: 800
Fullscreen: false
Intro: false
Menus: false
Profiling: true
Single step:false
App Mode: DEVELOPER
Menu Key: ESCAPE
Stage Style: DECORATED
Scene Factory: class com.almasb.fxgl.scene.SceneFactory
Dialog Factory: class com.almasb.fxgl.ui.FXGLDialogFactory
UI Factory: class com.almasb.fxgl.ui.FXGLUIFactory
Notification Service: class com.almasb.fxgl.gameplay.notification.XboxNotificationView
Exception Handler: class com.almasb.fxgl.app.FXGLExceptionHandler
21:06:32.844 [FXGL Launcher Thread     ] DEBUG GameApplication      - Configuring GameApplication
21:06:32.848 [FXGL Launcher Thread     ] DEBUG AppStateMachine      - Initializing application states
21:06:32.857 [FXGL Launcher Thread     ] DEBUG AssetLoader          - Loading from disk: /assets/ui/cursors/fxgl_default.png
21:06:32.877 [FXGL Launcher Thread     ] DEBUG AssetLoader          - Loading from disk: /assets/ui/cursors/fxgl_default.png
21:06:32.886 [FXGL Launcher Thread     ] DEBUG AssetLoader          - Loading from disk: /assets/sounds/core/notification.wav
21:06:32.919 [FXGL Launcher Thread     ] DEBUG AssetLoader          - Loading from disk: /assets/sounds/menu/select.wav
21:06:32.921 [FXGL Launcher Thread     ] DEBUG AssetLoader          - Loading from disk: /assets/sounds/menu/back.wav
21:06:32.925 [FXGL Launcher Thread     ] DEBUG AssetLoader          - Loading from disk: /assets/sounds/menu/press.wav
21:06:32.927 [FXGL Launcher Thread     ] DEBUG AssetLoader          - Loading from disk: /assets/ui/fonts/VarelaRound-Regular.ttf
21:06:33.192 [FXGL Launcher Thread     ] DEBUG AssetLoader          - Loading from disk: /assets/ui/fonts/lucida_console.ttf
21:06:33.204 [FXGL Launcher Thread     ] DEBUG AssetLoader          - Loading from disk: /assets/ui/css/fxgl_dark.css
21:06:33.204 [FXGL Launcher Thread     ] DEBUG AssetLoader          - Loading from disk: /assets/ui/icons/fxgl_icon.png
21:06:33.225 [FXGL Launcher Thread     ] DEBUG AssetLoader          - Loading from disk: /assets/ui/cursors/fxgl_default.png
21:06:33.251 [FXGL Launcher Thread     ] DEBUG FXGL.GameScene       - Game scene initialized: 600x800
21:06:33.254 [FXGL Launcher Thread     ] DEBUG FXGL.GameWorld       - Game world initialized
21:06:33.322 [FXGL Launcher Thread     ] DEBUG FXGL.PhysicsWorld    - Physics world initialized: appHeight=800, physics.ppm=50,0
21:06:33.340 [FXGL Launcher Thread     ] DEBUG Input                - Registered new binding: Pause - Esc
21:06:33.363 [FXGL Launcher Thread     ] INFO  GameApplication      - Game configuration took:  0,518 sec
21:06:33.365 [JavaFX Application Thread] DEBUG MainWindow           - Opening main window
21:06:33.406 [JavaFX Application Thread] DEBUG MainWindow           - Window border size: (6.0, 29.0)
21:06:33.406 [JavaFX Application Thread] DEBUG MainWindow           - Scaled size: 600.0 x 800.0
21:06:33.406 [JavaFX Application Thread] DEBUG MainWindow           - Scaled ratio: (1.0, 1.0)
21:06:33.406 [JavaFX Application Thread] DEBUG MainWindow           - Scene size: 600.0 x 800.0
21:06:33.406 [JavaFX Application Thread] DEBUG MainWindow           - Stage size: 606.0 x 829.0
21:06:33.406 [JavaFX Application Thread] DEBUG GameApplication      - Running preInit()
21:06:33.408 [JavaFX Application Thread] DEBUG AnnotationParser     - Main app package name: NO PACKAGE
21:06:33.408 [JavaFX Application Thread] WARN  AnnotationParser     - BricksGameApp has no package or contains uppercase letters. Disabling annotations processing
21:06:33.415 [JavaFX Application Thread] DEBUG Input                - Registered new binding: Screenshot - P
21:06:33.415 [JavaFX Application Thread] DEBUG Input                - Registered new binding: Dev Options - CTRL+0
21:06:33.416 [JavaFX Application Thread] DEBUG Input                - Registered new binding: Move Left - Left
21:06:33.417 [JavaFX Application Thread] DEBUG Input                - Registered new binding: Mouse - LMB
21:06:33.418 [JavaFX Application Thread] DEBUG Input                - Registered new binding: Move Right - Right
21:06:33.418 [JavaFX Application Thread] DEBUG Input                - Registered new binding: Release Ball - Space
21:06:33.453 [JavaFX Application Thread] DEBUG GameApplication      - Starting main loop
21:06:33.457 [JavaFX Application Thread] DEBUG StartupState         - STARTUP
21:06:33.457 [JavaFX Application Thread] DEBUG GameApplication      - Starting new game
21:06:33.457 [JavaFX Application Thread] DEBUG Input                - Clearing active input actions
21:06:33.457 [JavaFX Application Thread] DEBUG AppStateMachine      - StartupState -> LoadingState
21:06:33.497 [JavaFX Application Thread] DEBUG AnnotationParser     - Main app package name: NO PACKAGE
21:06:33.498 [JavaFX Application Thread] WARN  AnnotationParser     - BricksGameApp has no package or contains uppercase letters. Disabling annotations processing
21:06:33.498 [JavaFX Application Thread] DEBUG InitAppTask          - Parsing annotations
21:06:33.505 [FXGL Background Thread 1 ] DEBUG InitAppTask          - Clearing previous game
21:06:33.505 [FXGL Background Thread 1 ] DEBUG FXGL.GameWorld       - Clearing game world
21:06:33.506 [FXGL Background Thread 1 ] DEBUG FXGL.PhysicsWorld    - Clearing physics world
21:06:33.506 [FXGL Background Thread 1 ] DEBUG FXGL.GameScene       - Clearing game scene
21:06:33.507 [FXGL Background Thread 1 ] DEBUG InitAppTask          - Initializing Assets
21:06:33.507 [FXGL Background Thread 1 ] DEBUG InitAppTask          - Initializing Game
21:06:33.543 [FXGL Background Thread 1 ] DEBUG FXGL.GameScene       - Creating render group for layer: TOP(2147483647)
21:06:33.595 [FXGL Background Thread 1 ] DEBUG AssetLoader          - Loading from disk: /assets/textures/ball.png
21:06:33.604 [FXGL Background Thread 1 ] DEBUG AssetLoader          - Loading from disk: /assets/textures/platforma3.png
21:06:33.668 [FXGL Background Thread 1 ] DEBUG AssetLoader          - Loading from disk: /assets/textures/i.png
21:06:33.694 [FXGL Background Thread 1 ] DEBUG AssetLoader          - Loading from disk: /assets/textures/monitor2.png
21:06:33.697 [FXGL Background Thread 1 ] DEBUG AssetLoader          - Loading from disk: /assets/textures/keyboard2.png
21:06:33.700 [FXGL Background Thread 1 ] DEBUG InitAppTask          - Initializing Physics
21:06:33.700 [FXGL Background Thread 1 ] DEBUG InitAppTask          - Initializing UI
21:06:33.700 [FXGL Background Thread 1 ] DEBUG InitAppTask          - Initialization Complete
21:06:33.701 [FXGL Background Thread 1 ] INFO  InitAppTask          - Game initialization took: 0,196 sec
21:06:33.709 [JavaFX Application Thread] DEBUG Input                - Clearing active input actions
21:06:33.711 [JavaFX Application Thread] DEBUG AppStateMachine      - LoadingState -> PlayState
21:07:15.966 [JavaFX Application Thread] DEBUG AssetLoader          - Loading from cache: /assets/textures/ball.png@20.0x20.0
21:07:19.429 [JavaFX Application Thread] DEBUG GameApplication      - Exiting game application
21:07:19.430 [JavaFX Application Thread] DEBUG GameApplication      - Shutting down background threads
21:07:19.430 [JavaFX Application Thread] INFO  Profiler             - Processed Frames: 2763
21:07:19.430 [JavaFX Application Thread] INFO  Profiler             - Average FPS: 59
21:07:19.430 [JavaFX Application Thread] INFO  Profiler             - Avg Frame Took: 0,43 ms
21:07:19.431 [JavaFX Application Thread] INFO  Profiler             - Avg Memory Usage: 31 MB
21:07:19.431 [JavaFX Application Thread] INFO  Profiler             - Min Memory Usage: 9 MB
21:07:19.431 [JavaFX Application Thread] INFO  Profiler             - Max Memory Usage: 47 MB
21:07:19.431 [JavaFX Application Thread] INFO  Profiler             - Estimated GC runs: 2
21:07:19.431 [JavaFX Application Thread] DEBUG GameApplication      - Exiting FXGL
21:07:19.431 [JavaFX Application Thread] DEBUG FXGL                 - Saving FXGL system data
21:07:19.432 [JavaFX Application Thread] DEBUG IOTask               - Executing task: writeDataTask(system/fxgl.bundle)
21:07:19.435 [JavaFX Application Thread] DEBUG FS                   - Writing to: system\fxgl.bundle
21:07:19.440 [JavaFX Application Thread] DEBUG IOTask               - Task succeeded: writeDataTask(system/fxgl.bundle)
21:07:19.440 [JavaFX Application Thread] DEBUG GameApplication      - Closing logger and exiting JavaFX
